14:11:48.568 - log Request: REQUEST method = [GET] path = [/CityReportSystem/login] 
14:11:49.926 - log Request: REQUEST method = [GET] path = [/CityReportSystem/reports/states] 
14:11:49.931 - log Request: REQUEST method = [GET] path = [/CityReportSystem/reports/author/1] 
14:11:50.046 - log Request: REQUEST method = [GET] path = [/CityReportSystem/reports/types] 
14:11:50.046 - log Request: REQUEST method = [GET] path = [/CityReportSystem/reports/states] 
14:13:20.745 - log Request: REQUEST method = [GET] path = [/CityReportSystem/login] 
14:14:36.844 - log Request: REQUEST method = [GET] path = [/CityReportSystem/login] 
14:14:57.329 - log Request: REQUEST method = [GET] path = [/CityReportSystem/login] 
14:14:57.588 - log Request: REQUEST method = [GET] path = [/CityReportSystem/reports/types] 
14:14:57.895 - log Request: REQUEST method = [GET] path = [/CityReportSystem/reports/states] 
14:14:57.898 - log Request: REQUEST method = [GET] path = [/CityReportSystem/reports/types] 
14:14:57.902 - log Request: REQUEST method = [GET] path = [/CityReportSystem/reports/author/1] 
14:14:57.937 - log Request: REQUEST method = [GET] path = [/CityReportSystem/reports/states] 
14:14:58.110 - log Request: REQUEST method = [GET] path = [/CityReportSystem/reports/author/1] 
14:43:16.125 - log Request: REQUEST method = [GET] path = [/CityReportSystem/login] 
19:45:14.225 - log Request: REQUEST method = [GET] path = [/CityReportSystem/login] 
19:45:16.358 - log Request: REQUEST method = [GET] path = [/CityReportSystem/login] 
19:45:19.640 - log Request: REQUEST method = [GET] path = [/CityReportSystem/statistics/2023] 
19:45:19.660 - log Request: REQUEST method = [GET] path = [/CityReportSystem/reports/types] 
19:45:19.832 - log Request: REQUEST method = [GET] path = [/CityReportSystem/reports/types] 
19:45:19.949 - log Request: REQUEST method = [GET] path = [/CityReportSystem/statistics/2023-03-01/2023-03-10/all] 
19:45:20.335 - log Request: REQUEST method = [GET] path = [/CityReportSystem/statistics/2023] 
19:45:20.501 - log Request: REQUEST method = [GET] path = [/CityReportSystem/statistics/2023-03-01/2023-03-10/all] 
19:46:58.874 - log Request: REQUEST method = [GET] path = [/CityReportSystem/reports/types] 
19:46:58.874 - log Request: REQUEST method = [GET] path = [/CityReportSystem/reports/types] 
19:46:59.980 - log Request: REQUEST method = [GET] path = [/CityReportSystem/statistics/2023-03-01/2023-03-10/all] 
19:46:59.981 - log Request: REQUEST method = [GET] path = [/CityReportSystem/statistics/2023-03-01/2023-03-10/all] 
19:47:24.245 - log Request: REQUEST method = [GET] path = [/CityReportSystem/reports/types] 
19:47:24.553 - log Request: REQUEST method = [GET] path = [/CityReportSystem/reports/types] 
19:47:24.571 - log Request: REQUEST method = [GET] path = [/CityReportSystem/statistics/2023-03-01/2023-03-10/all] 
19:47:24.575 - log Request: REQUEST method = [GET] path = [/CityReportSystem/statistics/2023-03-01/2023-03-10/all] 
19:47:35.972 - log Request: REQUEST method = [GET] path = [/CityReportSystem/reports/types] 
19:47:36.285 - log Request: REQUEST method = [GET] path = [/CityReportSystem/reports/types] 
19:47:36.300 - log Request: REQUEST method = [GET] path = [/CityReportSystem/statistics/2023-03-01/2023-03-10/all] 
19:47:36.300 - log Request: REQUEST method = [GET] path = [/CityReportSystem/statistics/2023-03-01/2023-03-10/all] 
19:49:10.229 - log Request: REQUEST method = [GET] path = [/CityReportSystem/reports/types] 
19:49:10.557 - log Request: REQUEST method = [GET] path = [/CityReportSystem/statistics/2023-03-01/2023-03-10/all] 
19:49:21.346 - log Request: REQUEST method = [GET] path = [/CityReportSystem/reports/types] 
19:49:21.666 - log Request: REQUEST method = [GET] path = [/CityReportSystem/statistics/2023-03-01/2023-03-10/all] 
19:50:18.663 - log Request: REQUEST method = [GET] path = [/CityReportSystem/reports/types] 
19:50:19.010 - log Request: REQUEST method = [GET] path = [/CityReportSystem/reports/types] 
19:50:19.022 - log Request: REQUEST method = [GET] path = [/CityReportSystem/statistics/2023-03-01/2023-03-10/all] 
19:50:19.022 - log Request: REQUEST method = [GET] path = [/CityReportSystem/statistics/2023-03-01/2023-03-10/all] 
19:50:26.962 - log Request: REQUEST method = [GET] path = [/CityReportSystem/reports/types] 
19:50:26.976 - log Request: REQUEST method = [GET] path = [/CityReportSystem/statistics/2023-03-01/2023-03-10/all] 
19:50:27.273 - log Request: REQUEST method = [GET] path = [/CityReportSystem/reports/types] 
19:50:27.286 - log Request: REQUEST method = [GET] path = [/CityReportSystem/statistics/2023-03-01/2023-03-10/all] 
19:51:12.290 - log Request: REQUEST method = [GET] path = [/CityReportSystem/reports/types] 
19:51:12.300 - log Request: REQUEST method = [GET] path = [/CityReportSystem/statistics/2023-03-01/2023-03-10/all] 
19:51:12.614 - log Request: REQUEST method = [GET] path = [/CityReportSystem/statistics/2023] 
19:51:12.619 - log Request: REQUEST method = [GET] path = [/CityReportSystem/reports/types] 
19:51:12.656 - log Request: REQUEST method = [GET] path = [/CityReportSystem/statistics/2023-03-01/2023-03-10/all] 
19:51:12.666 - log Request: REQUEST method = [GET] path = [/CityReportSystem/statistics/2023] 
19:51:32.591 - log Request: REQUEST method = [GET] path = [/CityReportSystem/statistics/2022] 
19:57:57.715 - log Request: REQUEST method = [GET] path = [/CityReportSystem/statistics/2023-03-01/2023-03-10/all] 
19:57:57.725 - log Request: REQUEST method = [GET] path = [/CityReportSystem/statistics/2022] 
19:57:58.092 - log Request: REQUEST method = [GET] path = [/CityReportSystem/statistics/2023-03-01/2023-03-10/all] 
19:57:58.356 - log Request: REQUEST method = [GET] path = [/CityReportSystem/reports/types] 
19:57:58.367 - log Request: REQUEST method = [GET] path = [/CityReportSystem/statistics/2023] 
19:57:58.397 - log Request: REQUEST method = [GET] path = [/CityReportSystem/reports/types] 
19:57:58.406 - log Request: REQUEST method = [GET] path = [/CityReportSystem/statistics/2023] 
19:57:58.418 - log Request: REQUEST method = [GET] path = [/CityReportSystem/statistics/2023-03-01/2023-03-10/all] 
19:58:00.793 - log Request: REQUEST method = [GET] path = [/CityReportSystem/reports/types] 
19:58:00.802 - log Request: REQUEST method = [GET] path = [/CityReportSystem/statistics/2023] 
19:58:00.806 - log Request: REQUEST method = [GET] path = [/CityReportSystem/statistics/2023-03-01/2023-03-10/all] 
19:58:05.180 - log Request: REQUEST method = [GET] path = [/CityReportSystem/reports/types] 
19:58:05.192 - log Request: REQUEST method = [GET] path = [/CityReportSystem/statistics/2023-03-01/2023-03-10/all] 
19:58:05.197 - log Request: REQUEST method = [GET] path = [/CityReportSystem/statistics/2023] 
19:58:05.571 - log Request: REQUEST method = [GET] path = [/CityReportSystem/statistics/2023] 
19:58:05.571 - log Request: REQUEST method = [GET] path = [/CityReportSystem/statistics/2023-03-01/2023-03-10/all] 
19:58:05.878 - log Request: REQUEST method = [GET] path = [/CityReportSystem/reports/types] 
19:58:06.075 - log Request: REQUEST method = [GET] path = [/CityReportSystem/statistics/2023-03-01/2023-03-10/all] 
19:58:06.313 - log Request: REQUEST method = [GET] path = [/CityReportSystem/statistics/2023] 
19:58:06.321 - log Request: REQUEST method = [GET] path = [/CityReportSystem/reports/types] 
19:58:06.550 - log Request: REQUEST method = [GET] path = [/CityReportSystem/statistics/2023-03-01/2023-03-10/all] 
19:58:06.563 - log Request: REQUEST method = [GET] path = [/CityReportSystem/statistics/2023] 
19:58:06.564 - log Request: REQUEST method = [GET] path = [/CityReportSystem/reports/types] 
19:58:06.948 - log Request: REQUEST method = [GET] path = [/CityReportSystem/statistics/2023-03-01/2023-03-10/all] 
19:58:06.948 - log Request: REQUEST method = [GET] path = [/CityReportSystem/statistics/2023] 
19:58:07.176 - log Request: REQUEST method = [GET] path = [/CityReportSystem/statistics/2023] 
19:58:07.176 - log Request: REQUEST method = [GET] path = [/CityReportSystem/statistics/2023-03-01/2023-03-10/all] 
19:58:07.256 - log Request: REQUEST method = [GET] path = [/CityReportSystem/reports/types] 
19:58:07.486 - log Request: REQUEST method = [GET] path = [/CityReportSystem/reports/types] 
19:58:07.495 - log Request: REQUEST method = [GET] path = [/CityReportSystem/statistics/2023] 
19:58:07.497 - log Request: REQUEST method = [GET] path = [/CityReportSystem/statistics/2023-03-01/2023-03-10/all] 
19:59:51.426 - log Request: REQUEST method = [GET] path = [/CityReportSystem/reports/types] 
19:59:51.513 - log Request: REQUEST method = [GET] path = [/CityReportSystem/reports/types] 
19:59:51.826 - log Request: REQUEST method = [GET] path = [/CityReportSystem/statistics/2023-03-01/2023-03-10/all] 
19:59:51.826 - log Request: REQUEST method = [GET] path = [/CityReportSystem/statistics/2023] 
19:59:51.826 - log Request: REQUEST method = [GET] path = [/CityReportSystem/statistics/2023-03-01/2023-03-10/all] 
19:59:51.827 - log Request: REQUEST method = [GET] path = [/CityReportSystem/statistics/2023] 
19:59:55.734 - log Request: REQUEST method = [GET] path = [/CityReportSystem/statistics/2023-03-01/2023-03-10/all] 
19:59:56.029 - log Request: REQUEST method = [GET] path = [/CityReportSystem/reports/types] 
19:59:56.032 - log Request: REQUEST method = [GET] path = [/CityReportSystem/reports/types] 
19:59:56.047 - log Request: REQUEST method = [GET] path = [/CityReportSystem/statistics/2023] 
19:59:56.048 - log Request: REQUEST method = [GET] path = [/CityReportSystem/statistics/2023-03-01/2023-03-10/all] 
19:59:56.050 - log Request: REQUEST method = [GET] path = [/CityReportSystem/statistics/2023] 
20:00:20.905 - log Request: REQUEST method = [GET] path = [/CityReportSystem/statistics/2023-03-01/2023-03-10/all] 
20:00:20.914 - log Request: REQUEST method = [GET] path = [/CityReportSystem/statistics/2023] 
20:00:21.207 - log Request: REQUEST method = [GET] path = [/CityReportSystem/reports/types] 
20:00:21.207 - log Request: REQUEST method = [GET] path = [/CityReportSystem/reports/types] 
20:00:21.224 - log Request: REQUEST method = [GET] path = [/CityReportSystem/statistics/2023] 
20:00:21.228 - log Request: REQUEST method = [GET] path = [/CityReportSystem/statistics/2023-03-01/2023-03-10/all] 
20:00:25.211 - log Request: REQUEST method = [GET] path = [/CityReportSystem/statistics/2023] 
20:00:25.211 - log Request: REQUEST method = [GET] path = [/CityReportSystem/statistics/2023-03-01/2023-03-10/all] 
20:00:25.521 - log Request: REQUEST method = [GET] path = [/CityReportSystem/reports/types] 
20:00:25.521 - log Request: REQUEST method = [GET] path = [/CityReportSystem/reports/types] 
20:00:25.535 - log Request: REQUEST method = [GET] path = [/CityReportSystem/statistics/2023-03-01/2023-03-10/all] 
20:00:25.541 - log Request: REQUEST method = [GET] path = [/CityReportSystem/statistics/2023] 
20:00:28.741 - log Request: REQUEST method = [GET] path = [/CityReportSystem/statistics/2023] 
20:00:28.742 - log Request: REQUEST method = [GET] path = [/CityReportSystem/statistics/2023-03-01/2023-03-10/all] 
20:00:29.054 - log Request: REQUEST method = [GET] path = [/CityReportSystem/reports/types] 
20:00:29.055 - log Request: REQUEST method = [GET] path = [/CityReportSystem/reports/types] 
20:00:29.065 - log Request: REQUEST method = [GET] path = [/CityReportSystem/statistics/2023-03-01/2023-03-10/all] 
20:00:29.065 - log Request: REQUEST method = [GET] path = [/CityReportSystem/statistics/2023] 
20:01:19.444 - log Request: REQUEST method = [GET] path = [/CityReportSystem/statistics/2023-03-01/2023-03-10/all] 
20:01:19.444 - log Request: REQUEST method = [GET] path = [/CityReportSystem/statistics/2023] 
20:01:19.454 - log Request: REQUEST method = [GET] path = [/CityReportSystem/reports/types] 
20:01:19.743 - log Request: REQUEST method = [GET] path = [/CityReportSystem/reports/types] 
20:01:19.755 - log Request: REQUEST method = [GET] path = [/CityReportSystem/statistics/2023-03-01/2023-03-10/all] 
20:01:19.755 - log Request: REQUEST method = [GET] path = [/CityReportSystem/statistics/2023] 
20:01:48.486 - log Request: REQUEST method = [GET] path = [/CityReportSystem/login] 
20:01:48.796 - log Request: REQUEST method = [GET] path = [/CityReportSystem/reports/types] 
20:01:49.089 - log Request: REQUEST method = [GET] path = [/CityReportSystem/reports/states] 
20:01:49.111 - log Request: REQUEST method = [GET] path = [/CityReportSystem/reports/types] 
20:01:49.114 - log Request: REQUEST method = [GET] path = [/CityReportSystem/reports/states] 
20:01:49.116 - log Request: REQUEST method = [GET] path = [/CityReportSystem/reports/author/1] 
20:01:49.125 - log Request: REQUEST method = [GET] path = [/CityReportSystem/reports/author/1] 
20:02:01.934 - log Request: REQUEST method = [GET] path = [/CityReportSystem/events/active] 
20:02:02.242 - log Request: REQUEST method = [GET] path = [/CityReportSystem/events/active] 
20:03:34.226 - log Request: REQUEST method = [GET] path = [/CityReportSystem/events/active] 
20:04:55.974 - log Request: REQUEST method = [GET] path = [/CityReportSystem/events/active] 
20:06:07.173 - log Request: REQUEST method = [GET] path = [/CityReportSystem/events/active] 
20:06:15.755 - log Request: REQUEST method = [GET] path = [/CityReportSystem/reports/types] 
20:06:15.756 - log Request: REQUEST method = [GET] path = [/CityReportSystem/reports/states] 
20:06:15.958 - log Request: REQUEST method = [GET] path = [/CityReportSystem/reports/author/1] 
20:06:16.083 - log Request: REQUEST method = [GET] path = [/CityReportSystem/reports/states] 
20:06:16.100 - log Request: REQUEST method = [GET] path = [/CityReportSystem/reports/types] 
20:06:16.130 - log Request: REQUEST method = [GET] path = [/CityReportSystem/events/active] 
20:06:16.295 - log Request: REQUEST method = [GET] path = [/CityReportSystem/reports/author/1] 
20:06:16.547 - log Request: REQUEST method = [GET] path = [/CityReportSystem/events/active] 
20:06:58.637 - log Request: REQUEST method = [DELETE] path = [/CityReportSystem/reports/images/653009--2.jpg] 
20:07:00.069 - log Request: REQUEST method = [POST] path = [/CityReportSystem/reports]  body = [ReportRequest(id=653009, title=dfg, note=fd, content=fg, type=WATER, x=44.44947777254389, y=15.053844357740065, creator=1)]
20:07:18.024 - log Request: REQUEST method = [GET] path = [/CityReportSystem/reports/types] 
20:07:18.024 - log Request: REQUEST method = [GET] path = [/CityReportSystem/reports/states] 
20:07:18.341 - log Request: REQUEST method = [GET] path = [/CityReportSystem/reports/author/1] 
20:07:18.359 - log Request: REQUEST method = [GET] path = [/CityReportSystem/reports/types] 
20:07:18.359 - log Request: REQUEST method = [GET] path = [/CityReportSystem/reports/states] 
20:07:18.696 - log Request: REQUEST method = [GET] path = [/CityReportSystem/reports/author/1] 
20:08:31.076 - log Request: REQUEST method = [GET] path = [/CityReportSystem/reports/types] 
20:08:31.156 - log Request: REQUEST method = [GET] path = [/CityReportSystem/reports/states] 
20:08:31.159 - log Request: REQUEST method = [GET] path = [/CityReportSystem/reports/types] 
20:08:31.160 - log Request: REQUEST method = [GET] path = [/CityReportSystem/reports/states] 
20:08:31.483 - log Request: REQUEST method = [GET] path = [/CityReportSystem/reports/author/1] 
20:08:31.483 - log Request: REQUEST method = [GET] path = [/CityReportSystem/reports/author/1] 
20:08:34.134 - log Request: REQUEST method = [GET] path = [/CityReportSystem/reports/images/17] 
20:08:34.134 - log Request: REQUEST method = [GET] path = [/CityReportSystem/reports/images/18] 
20:08:48.201 - log Request: REQUEST method = [GET] path = [/CityReportSystem/events/active] 
20:08:48.201 - log Request: REQUEST method = [GET] path = [/CityReportSystem/events/active] 
20:08:58.162 - log Request: REQUEST method = [GET] path = [/CityReportSystem/reports/types] 
20:08:58.162 - log Request: REQUEST method = [GET] path = [/CityReportSystem/reports/states] 
20:08:58.179 - log Request: REQUEST method = [GET] path = [/CityReportSystem/reports/author/1] 
20:08:58.474 - log Request: REQUEST method = [GET] path = [/CityReportSystem/reports/types] 
20:08:58.475 - log Request: REQUEST method = [GET] path = [/CityReportSystem/reports/states] 
20:08:58.497 - log Request: REQUEST method = [GET] path = [/CityReportSystem/reports/author/1] 
20:08:58.730 - log Request: REQUEST method = [GET] path = [/CityReportSystem/events/active] 
20:08:58.730 - log Request: REQUEST method = [GET] path = [/CityReportSystem/events/active] 
20:09:19.709 - log Request: REQUEST method = [GET] path = [/CityReportSystem/login] 
20:09:21.168 - log Request: REQUEST method = [GET] path = [/CityReportSystem/reports/types] 
20:09:21.169 - log Request: REQUEST method = [GET] path = [/CityReportSystem/reports/states] 
20:09:21.169 - log Request: REQUEST method = [GET] path = [/CityReportSystem/reports/types] 
20:09:21.179 - log Request: REQUEST method = [GET] path = [/CityReportSystem/reports/states] 
20:09:21.187 - log Request: REQUEST method = [GET] path = [/CityReportSystem/reports/author/1] 
20:09:21.190 - log Request: REQUEST method = [GET] path = [/CityReportSystem/reports/author/1] 
20:09:25.152 - log Request: REQUEST method = [GET] path = [/CityReportSystem/events/active] 
20:09:25.152 - log Request: REQUEST method = [GET] path = [/CityReportSystem/events/active] 
20:09:30.822 - log Request: REQUEST method = [GET] path = [/CityReportSystem/reports/images/16] 
20:09:39.749 - log Request: REQUEST method = [PUT] path = [/CityReportSystem/reports/additionalInfo/55] 
20:09:39.753 - log Request: REQUEST method = [PUT] path = [/CityReportSystem/reports/additionalInfo/55]  body = ["na trgu"]
20:10:04.884 - log Request: REQUEST method = [GET] path = [/CityReportSystem/reports/states] 
20:10:04.884 - log Request: REQUEST method = [GET] path = [/CityReportSystem/reports/types] 
20:10:04.911 - log Request: REQUEST method = [GET] path = [/CityReportSystem/reports/author/1] 
20:10:05.190 - log Request: REQUEST method = [GET] path = [/CityReportSystem/reports/states] 
20:10:05.190 - log Request: REQUEST method = [GET] path = [/CityReportSystem/reports/types] 
20:10:05.217 - log Request: REQUEST method = [GET] path = [/CityReportSystem/reports/author/1] 
20:10:49.409 - log Request: REQUEST method = [GET] path = [/CityReportSystem/reports/images/16] 
20:12:10.414 - log Request: REQUEST method = [GET] path = [/CityReportSystem/events/active] 
20:12:10.414 - log Request: REQUEST method = [GET] path = [/CityReportSystem/events/active] 
20:12:21.951 - log Request: REQUEST method = [GET] path = [/CityReportSystem/events/active/images/37] 
20:12:26.184 - log Request: REQUEST method = [GET] path = [/CityReportSystem/events/active/images/36] 
20:12:26.185 - log Request: REQUEST method = [GET] path = [/CityReportSystem/events/active/images/31] 
20:12:26.186 - log Request: REQUEST method = [GET] path = [/CityReportSystem/events/active/images/30] 
20:12:26.188 - log Request: REQUEST method = [GET] path = [/CityReportSystem/events/active/images/33] 
20:12:26.196 - log Request: REQUEST method = [GET] path = [/CityReportSystem/events/active/images/35] 
20:12:26.196 - log Request: REQUEST method = [GET] path = [/CityReportSystem/events/active/images/34] 
20:15:27.963 - log Request: REQUEST method = [GET] path = [/CityReportSystem/login] 
20:15:34.856 - log Request: REQUEST method = [GET] path = [/CityReportSystem/events/active] 
20:15:35.165 - log Request: REQUEST method = [GET] path = [/CityReportSystem/events/active] 
20:16:12.886 - log Request: REQUEST method = [POST] path = [/CityReportSystem/signup]  body = [#6 Maja Majic +387 5756  76 7 password]
20:16:13.152 - log Request: REQUEST method = [GET] path = [/CityReportSystem/reports/types] 
20:16:13.476 - log Request: REQUEST method = [GET] path = [/CityReportSystem/reports/states] 
20:16:13.476 - log Request: REQUEST method = [GET] path = [/CityReportSystem/reports/types] 
20:16:13.476 - log Request: REQUEST method = [GET] path = [/CityReportSystem/reports/states] 
20:16:13.488 - log Request: REQUEST method = [GET] path = [/CityReportSystem/reports/author/6] 
20:16:13.508 - log Request: REQUEST method = [GET] path = [/CityReportSystem/events/active] 
20:16:13.517 - log Request: REQUEST method = [GET] path = [/CityReportSystem/reports/author/6] 
20:16:13.814 - log Request: REQUEST method = [GET] path = [/CityReportSystem/events/active] 
20:25:52.980 - log Request: REQUEST method = [GET] path = [/CityReportSystem/login] 
20:25:54.189 - log Request: REQUEST method = [GET] path = [/CityReportSystem/statistics/2023-03-01/2023-03-10/all] 
20:25:54.499 - log Request: REQUEST method = [GET] path = [/CityReportSystem/reports/types] 
20:25:54.506 - log Request: REQUEST method = [GET] path = [/CityReportSystem/reports/types] 
20:25:54.508 - log Request: REQUEST method = [GET] path = [/CityReportSystem/statistics/2023] 
20:25:54.508 - log Request: REQUEST method = [GET] path = [/CityReportSystem/statistics/2023-03-01/2023-03-10/all] 
20:25:54.509 - log Request: REQUEST method = [GET] path = [/CityReportSystem/statistics/2023] 
20:26:00.471 - log Request: REQUEST method = [GET] path = [/CityReportSystem/login] 
20:26:03.881 - log Request: REQUEST method = [GET] path = [/CityReportSystem/login] 
20:26:05.319 - log Request: REQUEST method = [GET] path = [/CityReportSystem/reports/types] 
20:26:05.320 - log Request: REQUEST method = [GET] path = [/CityReportSystem/reports/types] 
20:26:05.320 - log Request: REQUEST method = [GET] path = [/CityReportSystem/reports/states] 
20:26:05.324 - log Request: REQUEST method = [GET] path = [/CityReportSystem/reports/states] 
20:26:05.336 - log Request: REQUEST method = [GET] path = [/CityReportSystem/reports/author/1] 
20:26:05.345 - log Request: REQUEST method = [GET] path = [/CityReportSystem/reports/author/1] 
20:26:06.951 - log Request: REQUEST method = [GET] path = [/CityReportSystem/events/active] 
20:26:06.951 - log Request: REQUEST method = [GET] path = [/CityReportSystem/events/active] 
20:27:06.355 - log Request: REQUEST method = [GET] path = [/CityReportSystem/events/active] 
20:27:19.362 - log Request: REQUEST method = [GET] path = [/CityReportSystem/events/active] 
20:27:19.518 - log Request: REQUEST method = [GET] path = [/CityReportSystem/events/active] 
20:27:53.454 - log Request: REQUEST method = [GET] path = [/CityReportSystem/reports/types] 
20:27:53.454 - log Request: REQUEST method = [GET] path = [/CityReportSystem/reports/states] 
20:27:53.464 - log Request: REQUEST method = [GET] path = [/CityReportSystem/reports/author/1] 
20:27:53.792 - log Request: REQUEST method = [GET] path = [/CityReportSystem/reports/types] 
20:27:53.794 - log Request: REQUEST method = [GET] path = [/CityReportSystem/reports/states] 
20:27:53.805 - log Request: REQUEST method = [GET] path = [/CityReportSystem/reports/author/1] 
20:27:53.979 - log Request: REQUEST method = [GET] path = [/CityReportSystem/events/active] 
20:27:53.997 - log Request: REQUEST method = [GET] path = [/CityReportSystem/events/active] 
20:28:02.685 - log Request: REQUEST method = [GET] path = [/CityReportSystem/reports/states] 
20:28:02.685 - log Request: REQUEST method = [GET] path = [/CityReportSystem/reports/types] 
20:28:03.001 - log Request: REQUEST method = [GET] path = [/CityReportSystem/reports/types] 
20:28:03.001 - log Request: REQUEST method = [GET] path = [/CityReportSystem/reports/states] 
20:28:03.009 - log Request: REQUEST method = [GET] path = [/CityReportSystem/reports/author/1] 
20:28:03.009 - log Request: REQUEST method = [GET] path = [/CityReportSystem/reports/author/1] 
20:28:03.146 - log Request: REQUEST method = [GET] path = [/CityReportSystem/events/active] 
20:28:03.146 - log Request: REQUEST method = [GET] path = [/CityReportSystem/events/active] 
20:31:30.674 - log Request: REQUEST method = [GET] path = [/CityReportSystem/login] 
20:31:34.752 - log Request: REQUEST method = [GET] path = [/CityReportSystem/cityServices] 
20:31:34.762 - log Request: REQUEST method = [GET] path = [/CityReportSystem/events/all/all/all/0/10/-/date/desc] 
20:31:34.767 - log Request: REQUEST method = [GET] path = [/CityReportSystem/events/types] 
20:31:35.006 - log Request: REQUEST method = [GET] path = [/CityReportSystem/cityServices] 
20:31:35.092 - log Request: REQUEST method = [GET] path = [/CityReportSystem/events/types] 
20:31:35.094 - log Request: REQUEST method = [GET] path = [/CityReportSystem/events/all/all/all/0/10/-/date/desc] 
20:31:38.697 - log Request: REQUEST method = [GET] path = [/CityReportSystem/reports/3/3/0/10/all/all/-/date/desc] 
20:31:39.006 - log Request: REQUEST method = [GET] path = [/CityReportSystem/reports/states] 
20:31:39.015 - log Request: REQUEST method = [GET] path = [/CityReportSystem/reports/types/3] 
20:31:39.052 - log Request: REQUEST method = [GET] path = [/CityReportSystem/reports/3/3/0/10/all/all/-/date/desc] 
20:31:39.326 - log Request: REQUEST method = [GET] path = [/CityReportSystem/reports/states] 
20:31:39.340 - log Request: REQUEST method = [GET] path = [/CityReportSystem/reports/types/3] 
20:32:15.639 - log Request: REQUEST method = [GET] path = [/CityReportSystem/login] 
20:32:19.462 - log Request: REQUEST method = [GET] path = [/CityReportSystem/events/active] 
20:32:19.552 - log Request: REQUEST method = [GET] path = [/CityReportSystem/events/active] 
20:32:25.971 - log Request: REQUEST method = [GET] path = [/CityReportSystem/reports/states] 
20:32:25.983 - log Request: REQUEST method = [GET] path = [/CityReportSystem/reports/4/2/0/10/all/all/-/date/desc] 
20:32:25.990 - log Request: REQUEST method = [GET] path = [/CityReportSystem/reports/types/2] 
20:32:25.999 - log Request: REQUEST method = [GET] path = [/CityReportSystem/reports/states] 
20:32:26.319 - log Request: REQUEST method = [GET] path = [/CityReportSystem/reports/types/2] 
20:32:26.343 - log Request: REQUEST method = [GET] path = [/CityReportSystem/reports/4/2/0/10/all/all/-/date/desc] 
20:32:38.228 - log Request: REQUEST method = [PUT] path = [/CityReportSystem/reports/feedback/44] 
20:32:38.234 - log Request: REQUEST method = [PUT] path = [/CityReportSystem/reports/feedback/44]  body = ["dfghj"]
20:32:52.364 - log Request: REQUEST method = [PUT] path = [/CityReportSystem/reports/state/4/44] 
20:32:52.367 - log Request: REQUEST method = [PUT] path = [/CityReportSystem/reports/state/4/44]  body = ["SENT_TO_FIELD_SERVICE"]
20:32:59.944 - log Request: REQUEST method = [PUT] path = [/CityReportSystem/reports/requireInfo/44] 
20:32:59.946 - log Request: REQUEST method = [PUT] path = [/CityReportSystem/reports/requireInfo/44]  body = ["asdfghju"]
20:33:05.969 - log Request: REQUEST method = [GET] path = [/CityReportSystem/reports/images/9] 
20:33:26.233 - log Request: REQUEST method = [GET] path = [/CityReportSystem/reports/4/2/0/10/ROAD/all/-/date/desc] 
20:33:35.075 - log Request: REQUEST method = [GET] path = [/CityReportSystem/reports/4/2/0/10/all/all/-/date/desc] 
20:33:38.787 - log Request: REQUEST method = [GET] path = [/CityReportSystem/reports/4/2/0/10/all/PROCESSING/-/date/desc] 
20:33:41.004 - log Request: REQUEST method = [GET] path = [/CityReportSystem/reports/4/2/0/10/all/all/-/date/desc] 
20:33:47.981 - log Request: REQUEST method = [GET] path = [/CityReportSystem/reports/4/2/0/10/all/all/n/date/desc] 
20:33:48.073 - log Request: REQUEST method = [GET] path = [/CityReportSystem/reports/4/2/0/10/all/all/na/date/desc] 
20:33:48.170 - log Request: REQUEST method = [GET] path = [/CityReportSystem/reports/4/2/0/10/all/all/nas/date/desc] 
20:33:54.056 - log Request: REQUEST method = [GET] path = [/CityReportSystem/reports/4/2/0/10/all/all/na/date/desc] 
20:33:54.510 - log Request: REQUEST method = [GET] path = [/CityReportSystem/reports/4/2/0/10/all/all/n/date/desc] 
20:33:54.668 - log Request: REQUEST method = [GET] path = [/CityReportSystem/reports/4/2/0/10/all/all/-/date/desc] 
20:33:55.926 - log Request: REQUEST method = [GET] path = [/CityReportSystem/reports/images/9] 
20:33:58.792 - log Request: REQUEST method = [GET] path = [/CityReportSystem/events/all/all/all/0/10/-/date/desc] 
20:33:59.093 - log Request: REQUEST method = [GET] path = [/CityReportSystem/cityServices] 
20:33:59.100 - log Request: REQUEST method = [GET] path = [/CityReportSystem/events/types] 
20:33:59.141 - log Request: REQUEST method = [GET] path = [/CityReportSystem/events/all/all/all/0/10/-/date/desc] 
20:33:59.422 - log Request: REQUEST method = [GET] path = [/CityReportSystem/cityServices] 
20:33:59.426 - log Request: REQUEST method = [GET] path = [/CityReportSystem/events/types] 
20:34:21.517 - log Request: REQUEST method = [GET] path = [/CityReportSystem/events/active/images/37] 
20:34:23.129 - log Request: REQUEST method = [GET] path = [/CityReportSystem/events/active/images/36] 
20:34:23.130 - log Request: REQUEST method = [GET] path = [/CityReportSystem/events/active/images/30] 
20:34:23.130 - log Request: REQUEST method = [GET] path = [/CityReportSystem/events/active/images/31] 
20:34:23.135 - log Request: REQUEST method = [GET] path = [/CityReportSystem/events/active/images/33] 
20:34:23.136 - log Request: REQUEST method = [GET] path = [/CityReportSystem/events/active/images/34] 
20:34:23.146 - log Request: REQUEST method = [GET] path = [/CityReportSystem/events/active/images/35] 
20:35:13.940 - log Request: REQUEST method = [POST] path = [/CityReportSystem/events]  body = [EventRequest(random=959446, title=opasnost, description=efs, x=44.96444132978824, y=18.29978808094372, type=DANGER, creator=4, coords=[CoordinateDTO(x=44.973997542080106, y=18.27178086868607, area=1736), CoordinateDTO(x=44.954698661648024, y=18.263714763502367, area=1736), CoordinateDTO(x=44.94537824002254, y=18.283124797474105, area=1736), CoordinateDTO(x=44.947442287455495, y=18.325857993021618, area=1736), CoordinateDTO(x=44.9682000484264, y=18.334610575242213, area=1736), CoordinateDTO(x=44.97960754890822, y=18.301488058211397, area=1736)])]
20:35:17.270 - log Request: REQUEST method = [GET] path = [/CityReportSystem/events/active] 
20:35:17.685 - log Request: REQUEST method = [GET] path = [/CityReportSystem/events/active] 
20:35:20.894 - log Request: REQUEST method = [GET] path = [/CityReportSystem/events/active/images/39] 
20:35:26.678 - log Request: REQUEST method = [GET] path = [/CityReportSystem/events/all/all/all/0/10/-/date/desc] 
20:35:26.973 - log Request: REQUEST method = [GET] path = [/CityReportSystem/cityServices] 
20:35:26.981 - log Request: REQUEST method = [GET] path = [/CityReportSystem/events/types] 
20:35:27.056 - log Request: REQUEST method = [GET] path = [/CityReportSystem/events/all/all/all/0/10/-/date/desc] 
20:35:27.306 - log Request: REQUEST method = [GET] path = [/CityReportSystem/cityServices] 
20:35:27.311 - log Request: REQUEST method = [GET] path = [/CityReportSystem/events/types] 
20:35:32.220 - log Request: REQUEST method = [GET] path = [/CityReportSystem/events/active/images/39] 
20:38:33.967 - log Request: REQUEST method = [GET] path = [/CityReportSystem/cityServices] 
20:38:34.287 - log Request: REQUEST method = [GET] path = [/CityReportSystem/events/types] 
20:38:34.292 - log Request: REQUEST method = [GET] path = [/CityReportSystem/events/all/all/all/0/10/-/date/desc] 
20:38:34.623 - log Request: REQUEST method = [GET] path = [/CityReportSystem/cityServices] 
20:38:34.634 - log Request: REQUEST method = [GET] path = [/CityReportSystem/events/types] 
20:38:34.915 - log Request: REQUEST method = [GET] path = [/CityReportSystem/events/all/all/all/0/10/-/date/desc] 
20:39:04.110 - log Request: REQUEST method = [POST] path = [/CityReportSystem/events]  body = [EventRequest(random=715820, title=e2, description=e2, x=44.73555099273124, y=17.237883137685515, type=WORK_IN_PROGRESS, creator=4, coords=[CoordinateDTO(x=44.7774161418104, y=17.154134623891785, area=287), CoordinateDTO(x=44.74261665528831, y=17.2217216133808, area=287), CoordinateDTO(x=44.73676780739778, y=17.263253474113725, area=287), CoordinateDTO(x=44.72311819475969, y=17.258791373373825, area=287), CoordinateDTO(x=44.716292180475016, y=17.194605770422918, area=287)])]
20:39:12.773 - log Request: REQUEST method = [GET] path = [/CityReportSystem/events/all/all/all/0/10/-/date/asc] 
20:39:13.044 - log Request: REQUEST method = [GET] path = [/CityReportSystem/events/all/all/all/0/10/-/date/desc] 
20:39:15.256 - log Request: REQUEST method = [GET] path = [/CityReportSystem/events/active/images/40] 
20:39:47.774 - log Request: REQUEST method = [DELETE] path = [/CityReportSystem/events/deactivate/4/53] 
20:39:52.086 - log Request: REQUEST method = [PUT] path = [/CityReportSystem/events/activate/4/53] 
20:39:56.370 - log Request: REQUEST method = [DELETE] path = [/CityReportSystem/events/deactivate/4/53] 
20:40:02.729 - log Request: REQUEST method = [GET] path = [/CityReportSystem/events/active/images/40] 
20:40:04.682 - log Request: REQUEST method = [GET] path = [/CityReportSystem/events/active/images/40] 
20:40:08.965 - log Request: REQUEST method = [GET] path = [/CityReportSystem/cityServices] 
20:40:08.975 - log Request: REQUEST method = [GET] path = [/CityReportSystem/events/types] 
20:40:08.977 - log Request: REQUEST method = [GET] path = [/CityReportSystem/events/all/all/all/0/10/-/date/desc] 
20:40:09.292 - log Request: REQUEST method = [GET] path = [/CityReportSystem/cityServices] 
20:40:09.300 - log Request: REQUEST method = [GET] path = [/CityReportSystem/events/types] 
20:40:09.301 - log Request: REQUEST method = [GET] path = [/CityReportSystem/events/all/all/all/0/10/-/date/desc] 
20:40:10.693 - log Request: REQUEST method = [GET] path = [/CityReportSystem/events/active/images/40] 
20:40:14.745 - log Request: REQUEST method = [GET] path = [/CityReportSystem/events/active] 
20:40:14.996 - log Request: REQUEST method = [GET] path = [/CityReportSystem/events/active] 
20:41:17.983 - log Request: REQUEST method = [GET] path = [/CityReportSystem/login] 
20:41:19.313 - log Request: REQUEST method = [GET] path = [/CityReportSystem/reports/types] 
20:41:19.641 - log Request: REQUEST method = [GET] path = [/CityReportSystem/reports/states] 
20:41:19.658 - log Request: REQUEST method = [GET] path = [/CityReportSystem/reports/author/1] 
20:41:19.725 - log Request: REQUEST method = [GET] path = [/CityReportSystem/reports/types] 
20:41:19.728 - log Request: REQUEST method = [GET] path = [/CityReportSystem/reports/states] 
20:41:20.029 - log Request: REQUEST method = [GET] path = [/CityReportSystem/reports/author/1] 
20:41:21.606 - log Request: REQUEST method = [GET] path = [/CityReportSystem/events/active] 
20:41:22.065 - log Request: REQUEST method = [GET] path = [/CityReportSystem/events/active] 
20:41:26.318 - log Request: REQUEST method = [GET] path = [/CityReportSystem/events/active/images/37] 
